<component name="libraryTable">
  <library name="junit5">
    <CLASSES>
      <root url="jar://$PROJECT_DIR$/lib/junit5/apiguardian-api-1.1.0.jar!/" />
      <root url="jar://$PROJECT_DIR$/lib/junit5/junit-jupiter-api-5.7.0.jar!/" />
      <root url="jar://$PROJECT_DIR$/lib/junit5/junit-jupiter-engine-5.7.0.jar!/" />
      <root url="jar://$PROJECT_DIR$/lib/junit5/junit-platform-commons-1.7.0.jar!/" />
      <root url="jar://$PROJECT_DIR$/lib/junit5/junit-platform-engine-1.7.0.jar!/" />
      <root url="jar://$PROJECT_DIR$/lib/junit5/opentest4j-1.2.0.jar!/" />
    </CLASSES>
    <JAVADOC />
    <SOURCES>
      <root url="jar://$PROJECT_DIR$/lib/junit5/apiguardian-api-1.1.0-sources.jar!/" />
      <root url="jar://$PROJECT_DIR$/lib/junit5/junit-jupiter-api-5.7.0-sources.jar!/" />
      <root url="jar://$PROJECT_DIR$/lib/junit5/junit-jupiter-engine-5.7.0-sources.jar!/" />
      <root url="jar://$PROJECT_DIR$/lib/junit5/junit-platform-commons-1.7.0-sources.jar!/" />
      <root url="jar://$PROJECT_DIR$/lib/junit5/junit-platform-engine-1.7.0-sources.jar!/" />
      <root url="jar://$PROJECT_DIR$/lib/junit5/opentest4j-1.2.0-sources.jar!/" />
    </SOURCES>
  </library>
</component>